#
# There is insufficient memory for the Java Runtime Environment to continue.
# Native memory allocation (mmap) failed to map 266338304 bytes for Failed to commit area from 0x0000000702e00000 to 0x0000000712c00000 of length 266338304.
# Possible reasons:
#   The system is out of physical RAM or swap space
#   The process is running with CompressedOops enabled, and the Java Heap may be blocking the growth of the native heap
# Possible solutions:
#   Reduce memory load on the system
#   Increase physical memory or swap space
#   Check if swap backing store is full
#   Decrease Java heap size (-Xmx/-Xms)
#   Decrease number of Java threads
#   Decrease Java thread stack sizes (-Xss)
#   Set larger code cache with -XX:ReservedCodeCacheSize=
# This output file may be truncated or incomplete.
#
#  Out of Memory Error (./src/hotspot/os/windows/os_windows.cpp:3390), pid=50328, tid=38664
#
# JRE version:  (11.0.15+9) (build )
# Java VM: OpenJDK 64-Bit Server VM (11.0.15+9-LTS, mixed mode, sharing, tiered, compressed oops, g1 gc, windows-amd64)
# No core dump will be written. Minidumps are not enabled by default on client versions of Windows
#

---------------  S U M M A R Y ------------

Command Line: -ea -Didea.test.cyclic.buffer.size=1048576 -javaagent:C:\Program Files\JetBrains\IntelliJ IDEA 2022.1.3\lib\idea_rt.jar=51029:C:\Program Files\JetBrains\IntelliJ IDEA 2022.1.3\bin -Dfile.encoding=UTF-8 com.intellij.rt.testng.RemoteTestNGStarter -usedefaultlisteners false -socket51028 @w@C:\Temp\idea_working_dirs_testng.tmp -temp C:\Temp\idea_testng.tmp

Host: Intel(R) Core(TM) i7-9750H CPU @ 2.60GHz, 12 cores, 15G,  Windows 10 , 64 bit Build 19041 (10.0.19041.1741)
Time: Tue Jun 28 14:08:22 2022 FLE Standard Time elapsed time: 0.017613 seconds (0d 0h 0m 0s)

---------------  T H R E A D  ---------------

Current thread (0x0000023b60b1f000):  JavaThread "Unknown thread" [_thread_in_vm, id=38664, stack(0x000000c859900000,0x000000c859a00000)]

Stack: [0x000000c859900000,0x000000c859a00000]
Native frames: (J=compiled Java code, j=interpreted, Vv=VM code, C=native code)
V  [jvm.dll+0x61e7ba]
V  [jvm.dll+0x7ab749]
V  [jvm.dll+0x7ace38]
V  [jvm.dll+0x7ad513]
V  [jvm.dll+0x24f968]
V  [jvm.dll+0x61ba5a]
V  [jvm.dll+0x6102b5]
V  [jvm.dll+0x30768c]
V  [jvm.dll+0x307512]
V  [jvm.dll+0x30c226]
V  [jvm.dll+0x3528cf]
V  [jvm.dll+0x352300]
V  [jvm.dll+0x2e4688]
V  [jvm.dll+0x2e57e6]
V  [jvm.dll+0x785597]
V  [jvm.dll+0x786d1f]
V  [jvm.dll+0x35f609]
V  [jvm.dll+0x768530]
V  [jvm.dll+0x3cd0ff]
V  [jvm.dll+0x3cf491]
C  [jli.dll+0x5207]
C  [ucrtbase.dll+0x21bb2]
C  [KERNEL32.DLL+0x17034]
C  [ntdll.dll+0x52651]


---------------  P R O C E S S  ---------------

Threads class SMR info:
_java_thread_list=0x0000023b5ea46410, length=0, elements={
}

Java Threads: ( => current thread )

Other Threads:
  0x0000023b60b38800 GCTaskThread "GC Thread#0" [stack: 0x000000c859a00000,0x000000c859b00000] [id=14076]
  0x0000023b60b95000 ConcurrentGCThread "G1 Main Marker" [stack: 0x000000c859b00000,0x000000c859c00000] [id=17420]
  0x0000023b60b96800 ConcurrentGCThread "G1 Conc#0" [stack: 0x000000c859c00000,0x000000c859d00000] [id=46288]

[error occurred during error reporting (printing all threads), id 0xc0000005, EXCEPTION_ACCESS_VIOLATION (0xc0000005) at pc=0x00007ffd1adf3e57]

VM state:not at safepoint (not fully initialized)

VM Mutex/Monitor currently owned by a thread:  ([mutex/lock_event])
[0x0000023b60b1a2a0] Heap_lock - owner thread: 0x0000023b60b1f000

Heap address: 0x0000000702e00000, size: 4050 MB, Compressed Oops mode: Non-zero based: 0x0000000702e00000
Narrow klass base: 0x0000000000000000, Narrow klass shift: 0

GC Heap History (0 events):
No events

Deoptimization events (0 events):
No events

Classes redefined (0 events):
No events

Internal exceptions (0 events):
No events

Events (1 events):
Event: 0.012 Loaded shared library C:\Users\ilyuxa\.jdks\corretto-11.0.15\bin\zip.dll


Dynamic libraries:
0x00007ff7bc4e0000 - 0x00007ff7bc4ed000 	C:\Users\ilyuxa\.jdks\corretto-11.0.15\bin\java.exe
0x00007ffd8d330000 - 0x00007ffd8d527000 	C:\WINDOWS\SYSTEM32\ntdll.dll
0x00007ffd8cea0000 - 0x00007ffd8cf5d000 	C:\WINDOWS\System32\KERNEL32.DLL
0x00007ffd8abf0000 - 0x00007ffd8aebd000 	C:\WINDOWS\System32\KERNELBASE.dll
0x00007ffd8aaf0000 - 0x00007ffd8abf0000 	C:\WINDOWS\System32\ucrtbase.dll
0x00007ffd85280000 - 0x00007ffd85299000 	C:\Users\ilyuxa\.jdks\corretto-11.0.15\bin\VCRUNTIME140.dll
0x00007ffd849a0000 - 0x00007ffd849b7000 	C:\Users\ilyuxa\.jdks\corretto-11.0.15\bin\jli.dll
0x00007ffd8c440000 - 0x00007ffd8c5e0000 	C:\WINDOWS\System32\USER32.dll
0x00007ffd8aef0000 - 0x00007ffd8af12000 	C:\WINDOWS\System32\win32u.dll
0x00007ffd71e00000 - 0x00007ffd7209a000 	C:\WINDOWS\WinSxS\amd64_microsoft.windows.common-controls_6595b64144ccf1df_6.0.19041.1110_none_60b5254171f9507e\COMCTL32.dll
0x00007ffd8b490000 - 0x00007ffd8b4ba000 	C:\WINDOWS\System32\GDI32.dll
0x00007ffd8b3f0000 - 0x00007ffd8b48e000 	C:\WINDOWS\System32\msvcrt.dll
0x00007ffd8af20000 - 0x00007ffd8b02b000 	C:\WINDOWS\System32\gdi32full.dll
0x00007ffd8aa50000 - 0x00007ffd8aaed000 	C:\WINDOWS\System32\msvcp_win.dll
0x00007ffd8b4c0000 - 0x00007ffd8b4f0000 	C:\WINDOWS\System32\IMM32.DLL
0x00007ffd58160000 - 0x00007ffd581fb000 	C:\Users\ilyuxa\.jdks\corretto-11.0.15\bin\msvcp140.dll
0x00007ffd1ab00000 - 0x00007ffd1b683000 	C:\Users\ilyuxa\.jdks\corretto-11.0.15\bin\server\jvm.dll
0x00007ffd8b4f0000 - 0x00007ffd8b59e000 	C:\WINDOWS\System32\ADVAPI32.dll
0x00007ffd8b6f0000 - 0x00007ffd8b78c000 	C:\WINDOWS\System32\sechost.dll
0x00007ffd8b8c0000 - 0x00007ffd8b9e5000 	C:\WINDOWS\System32\RPCRT4.dll
0x00007ffd8b5a0000 - 0x00007ffd8b5a8000 	C:\WINDOWS\System32\PSAPI.DLL
0x00007ffd70430000 - 0x00007ffd70457000 	C:\WINDOWS\SYSTEM32\WINMM.dll
0x00007ffd530c0000 - 0x00007ffd530c9000 	C:\WINDOWS\SYSTEM32\WSOCK32.dll
0x00007ffd84d70000 - 0x00007ffd84d7a000 	C:\WINDOWS\SYSTEM32\VERSION.dll
0x00007ffd8bba0000 - 0x00007ffd8bc0b000 	C:\WINDOWS\System32\WS2_32.dll
0x00007ffd892e0000 - 0x00007ffd892f2000 	C:\WINDOWS\SYSTEM32\kernel.appcore.dll
0x00007ffd85340000 - 0x00007ffd85350000 	C:\Users\ilyuxa\.jdks\corretto-11.0.15\bin\verify.dll
0x00007ffd89010000 - 0x00007ffd891f4000 	C:\WINDOWS\SYSTEM32\DBGHELP.DLL
0x00007ffd82aa0000 - 0x00007ffd82acc000 	C:\WINDOWS\SYSTEM32\dbgcore.DLL
0x00007ffd8b0e0000 - 0x00007ffd8b162000 	C:\WINDOWS\System32\bcryptPrimitives.dll
0x00007ffd84650000 - 0x00007ffd84678000 	C:\Users\ilyuxa\.jdks\corretto-11.0.15\bin\java.dll
0x00007ffd85270000 - 0x00007ffd8527a000 	C:\Users\ilyuxa\.jdks\corretto-11.0.15\bin\jimage.dll
0x00007ffd852c0000 - 0x00007ffd852ce000 	C:\Users\ilyuxa\.jdks\corretto-11.0.15\bin\instrument.dll
0x00007ffd848f0000 - 0x00007ffd84908000 	C:\Users\ilyuxa\.jdks\corretto-11.0.15\bin\zip.dll

dbghelp: loaded successfully - version: 4.0.5 - missing functions: none
symbol engine: initialized successfully - sym options: 0x614 - pdb path: .;C:\Users\ilyuxa\.jdks\corretto-11.0.15\bin;C:\WINDOWS\SYSTEM32;C:\WINDOWS\WinSxS\amd64_microsoft.windows.common-controls_6595b64144ccf1df_6.0.19041.1110_none_60b5254171f9507e;C:\Users\ilyuxa\.jdks\corretto-11.0.15\bin\server

VM Arguments:
jvm_args: -ea -Didea.test.cyclic.buffer.size=1048576 -javaagent:C:\Program Files\JetBrains\IntelliJ IDEA 2022.1.3\lib\idea_rt.jar=51029:C:\Program Files\JetBrains\IntelliJ IDEA 2022.1.3\bin -Dfile.encoding=UTF-8 
java_command: com.intellij.rt.testng.RemoteTestNGStarter -usedefaultlisteners false -socket51028 @w@C:\Temp\idea_working_dirs_testng.tmp -temp C:\Temp\idea_testng.tmp
java_class_path (initial): C:\Program Files\JetBrains\IntelliJ IDEA 2022.1.3\lib\idea_rt.jar;C:\Program Files\JetBrains\IntelliJ IDEA 2022.1.3\plugins\testng\lib\testng-rt.jar;D:\_PROJECTS_\IDEA\IC_JavaMavenTestNG_WebTests_QA04\target\test-classes;D:\_PROJECTS_\IDEA\IC_JavaMavenTestNG_WebTests_QA04\target\classes;C:\Users\ilyuxa\.m2\repository\org\testng\testng\7.4.0\testng-7.4.0.jar;C:\Users\ilyuxa\.m2\repository\com\beust\jcommander\1.78\jcommander-1.78.jar;C:\Users\ilyuxa\.m2\repository\org\webjars\jquery\3.5.1\jquery-3.5.1.jar;C:\Users\ilyuxa\.m2\repository\org\seleniumhq\selenium\selenium-java\3.141.59\selenium-java-3.141.59.jar;C:\Users\ilyuxa\.m2\repository\org\seleniumhq\selenium\selenium-api\3.141.59\selenium-api-3.141.59.jar;C:\Users\ilyuxa\.m2\repository\org\seleniumhq\selenium\selenium-chrome-driver\3.141.59\selenium-chrome-driver-3.141.59.jar;C:\Users\ilyuxa\.m2\repository\org\seleniumhq\selenium\selenium-edge-driver\3.141.59\selenium-edge-driver-3.141.59.jar;C:\Users\ilyuxa\.m2\repository\org\seleniumhq\selenium\selenium-firefox-driver\3.141.59\selenium-firefox-driver-3.141.59.jar;C:\Users\ilyuxa\.m2\repository\org\seleniumhq\selenium\selenium-ie-driver\3.141.59\selenium-ie-driver-3.141.59.jar;C:\Users\ilyuxa\.m2\repository\org\seleniumhq\selenium\selenium-opera-driver\3.141.59\selenium-opera-driver-3.141.59.jar;C:\Users\ilyuxa\.m2\repository\org\seleniumhq\selenium\selenium-remote-driver\3.141.59\selenium-remote-driver-3.141.59.jar;C:\Users\ilyuxa\.m2\repository\org\seleniumhq\selenium\selenium-safari-driver\3.141.59\selenium-safari-driver-3.141.59.jar;C:\Users\ilyuxa\.m2\repository\org\seleniumhq\selenium\selenium-support\3.141.59\selenium-support-3.141.59.jar;C:\Users\ilyuxa\.m2\repository\net\bytebuddy\byte-buddy\1.8.15\byte-buddy-1.8.15.jar;C:\Users\ilyuxa\.m2\repository\org\apache\commons\commons-exec\1.3\commons-exec-1.3.jar;C:\Users\ilyuxa\.m2\repository\com\google\guava\guava\25.0-jre\guava-25.0-jre.jar;C:\Users\ilyuxa\.m2\repository\com\goo
Launcher Type: SUN_STANDARD

[Global flags]
     intx CICompilerCount                          = 4                                         {product} {ergonomic}
     uint ConcGCThreads                            = 3                                         {product} {ergonomic}
     uint G1ConcRefinementThreads                  = 10                                        {product} {ergonomic}
   size_t G1HeapRegionSize                         = 1048576                                   {product} {ergonomic}
    uintx GCDrainStackTargetSize                   = 64                                        {product} {ergonomic}
   size_t InitialHeapSize                          = 266338304                                 {product} {ergonomic}
   size_t MarkStackSize                            = 4194304                                   {product} {ergonomic}
   size_t MaxHeapSize                              = 4246732800                                {product} {ergonomic}
   size_t MinHeapDeltaBytes                        = 1048576                                   {product} {ergonomic}
    uintx NonNMethodCodeHeapSize                   = 5836300                                {pd product} {ergonomic}
    uintx NonProfiledCodeHeapSize                  = 122910970                              {pd product} {ergonomic}
    uintx ProfiledCodeHeapSize                     = 122910970                              {pd product} {ergonomic}
    uintx ReservedCodeCacheSize                    = 251658240                              {pd product} {ergonomic}
     bool SegmentedCodeCache                       = true                                      {product} {ergonomic}
     bool UseCompressedClassPointers               = true                                 {lp64_product} {ergonomic}
     bool UseCompressedOops                        = true                                 {lp64_product} {ergonomic}
     bool UseG1GC                                  = true                                      {product} {ergonomic}
     bool UseLargePagesIndividualAllocation        = false                                  {pd product} {ergonomic}

Logging:
Log output configuration:
 #0: stdout all=warning uptime,level,tags
 #1: stderr all=off uptime,level,tags

Environment Variables:
PATH=C:\Program Files (x86)\Common Files\Oracle\Java\javapath;C:\Program Files\Common Files\Oracle\Java\javapath;C:\Python39\Scripts\;C:\Python39\;C:\Windows\system32;C:\Windows;C:\Windows\System32\Wbem;C:\Windows\System32\WindowsPowerShell\v1.0\;C:\Windows\System32\OpenSSH\;C:\Program Files (x86)\NVIDIA Corporation\PhysX\Common;C:\Program Files\NVIDIA Corporation\NVIDIA NvDLISR;C:\Program Files\PuTTY\;C:\Program Files (x86)\AOMEI\AOMEI Backupper 6.1.0;C:\WINDOWS\system32;C:\WINDOWS;C:\WINDOWS\System32\Wbem;C:\WINDOWS\System32\WindowsPowerShell\v1.0\;C:\WINDOWS\System32\OpenSSH\;C:\Program Files (x86)\Common Files\Acronis\SnapAPI\;C:\Program Files (x86)\Common Files\Acronis\VirtualFile\;C:\Program Files (x86)\Common Files\Acronis\VirtualFile64\;C:\Program Files (x86)\Common Files\Acronis\FileProtector\;C:\Program Files (x86)\Common Files\Acronis\FileProtector64\;C:\Program Files\Calibre2\;C:\ProgramData\chocolatey\bin;C:\Program Files\Git\cmd;C:\Users\ilyuxa\AppData\Roaming\nvm;C:\Program Files\nodejs;C:\Program Files\dotnet\;C:\Users\ilyuxa\AppData\Local\Programs\Python\Python38\Scripts\;C:\Users\ilyuxa\AppData\Local\Programs\Python\Python38\;C:\Users\ilyuxa\AppData\Local\Microsoft\WindowsApps;C:\Program Files\JetBrains\PyCharm Community Edition 2020.2\bin;;C:\Users\ilyuxa\AppData\Roaming\npm;C:\Program Files\JetBrains\PhpStorm 2021.1.3\bin;;C:\Program Files\JetBrains\CLion 2022.1.2\bin;;C:\Program Files\JetBrains\WebStorm 2021.2\bin;;C:\Program Files\Microsoft VS Code\bin;C:\Program Files\JetBrains\IntelliJ IDEA 2022.1.3\bin;;C:\Users\ilyuxa\AppData\Roaming\nvm;C:\Program Files\nodejs;C:\Program Files\JetBrains\IntelliJ IDEA Community Edition 2022.1\bin;;C:\Users\ilyuxa\AppData\Local\GitHubDesktop\bin;C:\Program Files\JetBrains\PyCharm 2022.1.3\bin;
USERNAME=ilyuxa
OS=Windows_NT
PROCESSOR_IDENTIFIER=Intel64 Family 6 Model 158 Stepping 10, GenuineIntel



---------------  S Y S T E M  ---------------

OS: Windows 10 , 64 bit Build 19041 (10.0.19041.1741)
OS uptime: 10 days 8:39 hours

CPU:total 12 (initial active 12) (6 cores per cpu, 2 threads per core) family 6 model 158 stepping 10 microcode 0xf0, cmov, cx8, fxsr, mmx, sse, sse2, sse3, ssse3, sse4.1, sse4.2, popcnt, avx, avx2, aes, clmul, erms, 3dnowpref, lzcnt, ht, tsc, tscinvbit, bmi1, bmi2, adx, fma

Memory: 4k page, system-wide physical 16196M (540M free)
TotalPageFile size 24388M (AvailPageFile size 220M)
current process WorkingSet (physical memory assigned to process): 10M, peak: 10M
current process commit charge ("private bytes"): 64M, peak: 318M

vm_info: OpenJDK 64-Bit Server VM (11.0.15+9-LTS) for windows-amd64 JRE (11.0.15+9-LTS), built on Apr 15 2022 22:20:31 by "Administrator" with unknown MS VC++:1916

END.
